<!doctype html>
<html lang="">
<head>
    <meta charset="UTF-8">
    <meta name="viewport"
          content="width=device-width, user-scalable=no, initial-scale=1.0, maximum-scale=1.0, minimum-scale=1.0">
    <meta http-equiv="X-UA-Compatible" content="ie=edge">
    <title>Test Results Report - Run On Chrome</title>

    <link href="reportng.css" rel="stylesheet" type="text/css"/>
</head>
<body>
<div id="meta">
Generated by <a href="http://www.testng.org" target="_blank">TestNG</a> with <a href="https://github.com/testng-team/reportng" target="_blank">ReportNG</a>
at 11:34 ICT on Friday 14 June 2024
    <br/><span
    id="systemInfo">hung.doanv@HungDoanV&nbsp;/&nbsp;Java 17.0.10 (Oracle Corporation)&nbsp;/&nbsp;Windows 10 10.0 (amd64)</span>
</div>
<h1>Run On Chrome</h1>

<p>
    <a href="index.html">Suites</a>
        &#183; <a href="output.html">Log Output</a>
</p>

<p>Test duration
    : 1.784s</p>

    <table class="resultsTable configTable">
        <tr>
            <th class="header failedConfig"
                colspan="3">Failed Configuration</th>
        </tr>
            <tr class="group">
                <td colspan="3">testcases.user.Level_21_Mutilple_environment_2</td>
            </tr>
    <tr>
        <td class="method">
                afterClass
        </td>
        <td class="duration">
            0.001s
        </td>
        <td class="result">
            <!-- Display the dependencies for skipped test methods -->


            <!-- Show logger output for the test -->

                <a href="javascript:toggleElement('exception-0', 'block')"
                   title="Click to expand/collapse">
                    <b>java.lang.NullPointerException: Cannot invoke &quot;org.openqa.selenium.WebDriver.quit()&quot; because &quot;this.driver&quot; is null</b>
                </a>
                <br/>
                <div class="stackTrace" id="exception-0">
                        testcases.user.Level_21_Mutilple_environment_2.afterClass(Level_21_Mutilple_environment_2.java:138)<br/>
                        java.base/jdk.internal.reflect.NativeMethodAccessorImpl.invoke0(Native Method)<br/>
                        java.base/jdk.internal.reflect.NativeMethodAccessorImpl.invoke(NativeMethodAccessorImpl.java:77)<br/>
                        java.base/jdk.internal.reflect.DelegatingMethodAccessorImpl.invoke(DelegatingMethodAccessorImpl.java:43)<br/>
                        java.base/java.lang.reflect.Method.invoke(Method.java:568)<br/>
                        org.testng.internal.MethodInvocationHelper.invokeMethod(MethodInvocationHelper.java:134)<br/>
                        org.testng.internal.MethodInvocationHelper.invokeMethodConsideringTimeout(MethodInvocationHelper.java:63)<br/>
                        org.testng.internal.ConfigInvoker.invokeConfigurationMethod(ConfigInvoker.java:348)<br/>
                        org.testng.internal.ConfigInvoker.invokeConfigurations(ConfigInvoker.java:302)<br/>
                        org.testng.internal.TestMethodWorker.invokeAfterClassMethods(TestMethodWorker.java:217)<br/>
                        org.testng.internal.TestMethodWorker.run(TestMethodWorker.java:130)<br/>
                        java.base/java.util.ArrayList.forEach(ArrayList.java:1511)<br/>
                        org.testng.TestRunner.privateRun(TestRunner.java:766)<br/>
                        org.testng.TestRunner.run(TestRunner.java:587)<br/>
                        org.testng.SuiteRunner.runTest(SuiteRunner.java:384)<br/>
                        org.testng.SuiteRunner.runSequentially(SuiteRunner.java:378)<br/>
                        org.testng.SuiteRunner.privateRun(SuiteRunner.java:337)<br/>
                        org.testng.SuiteRunner.run(SuiteRunner.java:286)<br/>
                        org.testng.SuiteRunnerWorker.runSuite(SuiteRunnerWorker.java:53)<br/>
                        org.testng.SuiteRunnerWorker.run(SuiteRunnerWorker.java:96)<br/>
                        org.testng.TestNG.runSuitesSequentially(TestNG.java:1187)<br/>
                        org.testng.TestNG.runSuitesLocally(TestNG.java:1109)<br/>
                        org.testng.TestNG.runSuites(TestNG.java:1039)<br/>
                        org.testng.TestNG.run(TestNG.java:1007)<br/>
                        com.intellij.rt.testng.IDEARemoteTestNG.run(IDEARemoteTestNG.java:66)<br/>
                        com.intellij.rt.testng.RemoteTestNGStarter.main(RemoteTestNGStarter.java:105)<br/>
                </div>
        </td>
    </tr>
    <tr>
        <td class="method">
                beforeClass
        </td>
        <td class="duration">
            1.770s
        </td>
        <td class="result">
            <!-- Display the dependencies for skipped test methods -->

                <i>Method arguments: </i>
                <span class="arguments">
                    "chrome", "test"
                </span>
                <br/>

            <!-- Show logger output for the test -->
                <div class="testOutput">
                            Test log<br/>
                </div>

                <a href="javascript:toggleElement('exception-1', 'block')"
                   title="Click to expand/collapse">
                    <b>org.openqa.selenium.WebDriverException: unknown error: net::ERR_NAME_NOT_RESOLVED<br/>
&nbsp; (Session info: chrome=125.0.6422.142)<br/>
Build info: version: &apos;3.141.59&apos;, revision: &apos;e82be7d358&apos;, time: &apos;2018-11-14T08:17:03&apos;<br/>
System info: host: &apos;HUNGDOANV&apos;, ip: &apos;172.31.22.114&apos;, os.name: &apos;Windows 10&apos;, os.arch: &apos;amd64&apos;, os.version: &apos;10.0&apos;, java.version: &apos;17.0.10&apos;<br/>
Driver info: org.openqa.selenium.chrome.ChromeDriver<br/>
Capabilities {acceptInsecureCerts: false, browserName: chrome, browserVersion: 125.0.6422.142, chrome: {chromedriverVersion: 125.0.6422.141 (4b1e8393712..., userDataDir: C:\Users\HUNG~1.DOA\AppData...}, fedcm:accounts: true, goog:chromeOptions: {debuggerAddress: localhost:60770}, javascriptEnabled: true, networkConnectionEnabled: false, pageLoadStrategy: normal, platform: WINDOWS, platformName: WINDOWS, proxy: Proxy(), setWindowRect: true, strictFileInteractability: false, timeouts: {implicit: 0, pageLoad: 300000, script: 30000}, unhandledPromptBehavior: dismiss and notify, webauthn:extension:credBlob: true, webauthn:extension:largeBlob: true, webauthn:extension:minPinLength: true, webauthn:extension:prf: true, webauthn:virtualAuthenticators: true}<br/>
Session ID: 7388eb20169fc6624239da4d6bfcac06</b>
                </a>
                <br/>
                <div class="stackTrace" id="exception-1">
                        java.base/jdk.internal.reflect.NativeConstructorAccessorImpl.newInstance0(Native Method)<br/>
                        java.base/jdk.internal.reflect.NativeConstructorAccessorImpl.newInstance(NativeConstructorAccessorImpl.java:77)<br/>
                        java.base/jdk.internal.reflect.DelegatingConstructorAccessorImpl.newInstance(DelegatingConstructorAccessorImpl.java:45)<br/>
                        java.base/java.lang.reflect.Constructor.newInstanceWithCaller(Constructor.java:499)<br/>
                        java.base/java.lang.reflect.Constructor.newInstance(Constructor.java:480)<br/>
                        org.openqa.selenium.remote.http.W3CHttpResponseCodec.createException(W3CHttpResponseCodec.java:187)<br/>
                        org.openqa.selenium.remote.http.W3CHttpResponseCodec.decode(W3CHttpResponseCodec.java:122)<br/>
                        org.openqa.selenium.remote.http.W3CHttpResponseCodec.decode(W3CHttpResponseCodec.java:49)<br/>
                        org.openqa.selenium.remote.HttpCommandExecutor.execute(HttpCommandExecutor.java:158)<br/>
                        org.openqa.selenium.remote.service.DriverCommandExecutor.execute(DriverCommandExecutor.java:83)<br/>
                        org.openqa.selenium.remote.RemoteWebDriver.execute(RemoteWebDriver.java:552)<br/>
                        org.openqa.selenium.remote.RemoteWebDriver.get(RemoteWebDriver.java:277)<br/>
                        actions.commons.BaseTest.getBrowserDriver(BaseTest.java:134)<br/>
                        testcases.user.Level_21_Mutilple_environment_2.beforeClass(Level_21_Mutilple_environment_2.java:34)<br/>
                        java.base/jdk.internal.reflect.NativeMethodAccessorImpl.invoke0(Native Method)<br/>
                        java.base/jdk.internal.reflect.NativeMethodAccessorImpl.invoke(NativeMethodAccessorImpl.java:77)<br/>
                        java.base/jdk.internal.reflect.DelegatingMethodAccessorImpl.invoke(DelegatingMethodAccessorImpl.java:43)<br/>
                        java.base/java.lang.reflect.Method.invoke(Method.java:568)<br/>
                        org.testng.internal.MethodInvocationHelper.invokeMethod(MethodInvocationHelper.java:134)<br/>
                        org.testng.internal.MethodInvocationHelper.invokeMethodConsideringTimeout(MethodInvocationHelper.java:63)<br/>
                        org.testng.internal.ConfigInvoker.invokeConfigurationMethod(ConfigInvoker.java:348)<br/>
                        org.testng.internal.ConfigInvoker.invokeConfigurations(ConfigInvoker.java:302)<br/>
                        org.testng.internal.TestMethodWorker.invokeBeforeClassMethods(TestMethodWorker.java:176)<br/>
                        org.testng.internal.TestMethodWorker.run(TestMethodWorker.java:122)<br/>
                        java.base/java.util.ArrayList.forEach(ArrayList.java:1511)<br/>
                        org.testng.TestRunner.privateRun(TestRunner.java:766)<br/>
                        org.testng.TestRunner.run(TestRunner.java:587)<br/>
                        org.testng.SuiteRunner.runTest(SuiteRunner.java:384)<br/>
                        org.testng.SuiteRunner.runSequentially(SuiteRunner.java:378)<br/>
                        org.testng.SuiteRunner.privateRun(SuiteRunner.java:337)<br/>
                        org.testng.SuiteRunner.run(SuiteRunner.java:286)<br/>
                        org.testng.SuiteRunnerWorker.runSuite(SuiteRunnerWorker.java:53)<br/>
                        org.testng.SuiteRunnerWorker.run(SuiteRunnerWorker.java:96)<br/>
                        org.testng.TestNG.runSuitesSequentially(TestNG.java:1187)<br/>
                        org.testng.TestNG.runSuitesLocally(TestNG.java:1109)<br/>
                        org.testng.TestNG.runSuites(TestNG.java:1039)<br/>
                        org.testng.TestNG.run(TestNG.java:1007)<br/>
                        com.intellij.rt.testng.IDEARemoteTestNG.run(IDEARemoteTestNG.java:66)<br/>
                        com.intellij.rt.testng.RemoteTestNGStarter.main(RemoteTestNGStarter.java:105)<br/>
                </div>
        </td>
    </tr>

    </table>


    <table class="resultsTable" width="100%">
        <tr>
            <th colspan="3" class="header skipped">Skipped Tests</th>
        </tr>
            <tr>
                <td class="group" colspan="3">testcases.user.Level_21_Mutilple_environment_2</td>
            </tr>
    <tr>
        <td class="method">
                Login_01_Register_Login_My_Account
        </td>
        <td class="duration">
            0.000s
        </td>
        <td class="result">
            <!-- Display the dependencies for skipped test methods -->




            <!-- Show logger output for the test -->

        </td>
    </tr>
    <tr>
        <td class="method">
                Login_02_Login
        </td>
        <td class="duration">
            0.000s
        </td>
        <td class="result">
            <!-- Display the dependencies for skipped test methods -->




            <!-- Show logger output for the test -->

        </td>
    </tr>
    </table>


<script type="text/javascript" src="reportng.js"></script>
</body>
