<?xml version="1.0" encoding="UTF-8"?>
<testsuite name="Run On Chrome"
           tests="2"
           failures="1"
           errors="0"
           skipped="1"
           time="-1716378081.918">
    <properties></properties>

            <testcase
                name="Register"
                time="15.636"
                classname="common.Register_New_Account_Cookie">

            <failure type="org.openqa.selenium.TimeoutException" message="Expected condition failed: waiting for element to be clickable: By.xpath: //a[@class=&apos;ico-login&apos;] (tried for 10 second(s) with 500 milliseconds interval)">
                <![CDATA[org.openqa.selenium.TimeoutException: Expected condition failed: waiting for element to be clickable: By.xpath: //a[@class='ico-login'] (tried for 10 second(s) with 500 milliseconds interval)
                org.openqa.selenium.support.ui.WebDriverWait.timeoutException(WebDriverWait.java:95)org.openqa.selenium.support.ui.FluentWait.until(FluentWait.java:272)actions.commons.BasePage.waitForElementClickable(BasePage.java:404)actions.pageObjects.user.UserHomePageObject.clickToLoginLink(UserHomePageObject.java:30)common.Register_New_Account_Cookie.Register(Register_New_Account_Cookie.java:55)java.base/jdk.internal.reflect.NativeMethodAccessorImpl.invoke0(Native Method)java.base/jdk.internal.reflect.NativeMethodAccessorImpl.invoke(NativeMethodAccessorImpl.java:77)java.base/jdk.internal.reflect.DelegatingMethodAccessorImpl.invoke(DelegatingMethodAccessorImpl.java:43)java.base/java.lang.reflect.Method.invoke(Method.java:568)org.testng.internal.MethodInvocationHelper.invokeMethod(MethodInvocationHelper.java:134)org.testng.internal.MethodInvocationHelper.invokeMethodConsideringTimeout(MethodInvocationHelper.java:63)org.testng.internal.ConfigInvoker.invokeConfigurationMethod(ConfigInvoker.java:348)org.testng.internal.ConfigInvoker.invokeConfigurations(ConfigInvoker.java:302)org.testng.TestRunner.invokeTestConfigurations(TestRunner.java:619)org.testng.TestRunner.beforeRun(TestRunner.java:609)org.testng.TestRunner.run(TestRunner.java:580)org.testng.SuiteRunner.runTest(SuiteRunner.java:384)org.testng.SuiteRunner.runSequentially(SuiteRunner.java:378)org.testng.SuiteRunner.privateRun(SuiteRunner.java:337)org.testng.SuiteRunner.run(SuiteRunner.java:286)org.testng.SuiteRunnerWorker.runSuite(SuiteRunnerWorker.java:53)org.testng.SuiteRunnerWorker.run(SuiteRunnerWorker.java:96)org.testng.TestNG.runSuitesSequentially(TestNG.java:1187)org.testng.TestNG.runSuitesLocally(TestNG.java:1109)org.testng.TestNG.runSuites(TestNG.java:1039)org.testng.TestNG.run(TestNG.java:1007)com.intellij.rt.testng.IDEARemoteTestNG.run(IDEARemoteTestNG.java:66)com.intellij.rt.testng.RemoteTestNGStarter.main(RemoteTestNGStarter.java:105)
                    Caused by: org.openqa.selenium.NoSuchElementException: no such element: Unable to locate element: {"method":"xpath","selector":"//a[@class='ico-login']"}
  (Session info: chrome=124.0.6367.208)
For documentation on this error, please visit: https://www.seleniumhq.org/exceptions/no_such_element.html
Build info: version: '3.141.59', revision: 'e82be7d358', time: '2018-11-14T08:17:03'
System info: host: 'HUNGDOANV', ip: '172.31.22.114', os.name: 'Windows 10', os.arch: 'amd64', os.version: '10.0', java.version: '17.0.10'
Driver info: org.openqa.selenium.chrome.ChromeDriver
Capabilities {acceptInsecureCerts: false, browserName: chrome, browserVersion: 124.0.6367.208, chrome: {chromedriverVersion: 124.0.6367.207 (a9001a6e39f..., userDataDir: C:\Users\HUNG~1.DOA\AppData...}, fedcm:accounts: true, goog:chromeOptions: {debuggerAddress: localhost:53259}, javascriptEnabled: true, networkConnectionEnabled: false, pageLoadStrategy: normal, platform: WINDOWS, platformName: WINDOWS, proxy: Proxy(), setWindowRect: true, strictFileInteractability: false, timeouts: {implicit: 0, pageLoad: 300000, script: 30000}, unhandledPromptBehavior: dismiss and notify, webauthn:extension:credBlob: true, webauthn:extension:largeBlob: true, webauthn:extension:minPinLength: true, webauthn:extension:prf: true, webauthn:virtualAuthenticators: true}
Session ID: 64edc0549dfabc2ab564193866e41306
*** Element info: {Using=xpath, value=//a[@class='ico-login']}
                    java.base/jdk.internal.reflect.NativeConstructorAccessorImpl.newInstance0(Native Method)java.base/jdk.internal.reflect.NativeConstructorAccessorImpl.newInstance(NativeConstructorAccessorImpl.java:77)java.base/jdk.internal.reflect.DelegatingConstructorAccessorImpl.newInstance(DelegatingConstructorAccessorImpl.java:45)java.base/java.lang.reflect.Constructor.newInstanceWithCaller(Constructor.java:499)java.base/java.lang.reflect.Constructor.newInstance(Constructor.java:480)org.openqa.selenium.remote.http.W3CHttpResponseCodec.createException(W3CHttpResponseCodec.java:187)org.openqa.selenium.remote.http.W3CHttpResponseCodec.decode(W3CHttpResponseCodec.java:122)org.openqa.selenium.remote.http.W3CHttpResponseCodec.decode(W3CHttpResponseCodec.java:49)org.openqa.selenium.remote.HttpCommandExecutor.execute(HttpCommandExecutor.java:158)org.openqa.selenium.remote.service.DriverCommandExecutor.execute(DriverCommandExecutor.java:83)org.openqa.selenium.remote.RemoteWebDriver.execute(RemoteWebDriver.java:552)org.openqa.selenium.remote.RemoteWebDriver.findElement(RemoteWebDriver.java:323)org.openqa.selenium.remote.RemoteWebDriver.findElementByXPath(RemoteWebDriver.java:428)org.openqa.selenium.By$ByXPath.findElement(By.java:353)org.openqa.selenium.remote.RemoteWebDriver.findElement(RemoteWebDriver.java:315)org.openqa.selenium.support.ui.ExpectedConditions$7.apply(ExpectedConditions.java:205)org.openqa.selenium.support.ui.ExpectedConditions$7.apply(ExpectedConditions.java:201)org.openqa.selenium.support.ui.ExpectedConditions$22.apply(ExpectedConditions.java:641)org.openqa.selenium.support.ui.ExpectedConditions$22.apply(ExpectedConditions.java:638)org.openqa.selenium.support.ui.FluentWait.until(FluentWait.java:249)actions.commons.BasePage.waitForElementClickable(BasePage.java:404)actions.pageObjects.user.UserHomePageObject.clickToLoginLink(UserHomePageObject.java:30)common.Register_New_Account_Cookie.Register(Register_New_Account_Cookie.java:55)java.base/jdk.internal.reflect.NativeMethodAccessorImpl.invoke0(Native Method)java.base/jdk.internal.reflect.NativeMethodAccessorImpl.invoke(NativeMethodAccessorImpl.java:77)java.base/jdk.internal.reflect.DelegatingMethodAccessorImpl.invoke(DelegatingMethodAccessorImpl.java:43)java.base/java.lang.reflect.Method.invoke(Method.java:568)org.testng.internal.MethodInvocationHelper.invokeMethod(MethodInvocationHelper.java:134)org.testng.internal.MethodInvocationHelper.invokeMethodConsideringTimeout(MethodInvocationHelper.java:63)org.testng.internal.ConfigInvoker.invokeConfigurationMethod(ConfigInvoker.java:348)org.testng.internal.ConfigInvoker.invokeConfigurations(ConfigInvoker.java:302)org.testng.TestRunner.invokeTestConfigurations(TestRunner.java:619)org.testng.TestRunner.beforeRun(TestRunner.java:609)org.testng.TestRunner.run(TestRunner.java:580)org.testng.SuiteRunner.runTest(SuiteRunner.java:384)org.testng.SuiteRunner.runSequentially(SuiteRunner.java:378)org.testng.SuiteRunner.privateRun(SuiteRunner.java:337)org.testng.SuiteRunner.run(SuiteRunner.java:286)org.testng.SuiteRunnerWorker.runSuite(SuiteRunnerWorker.java:53)org.testng.SuiteRunnerWorker.run(SuiteRunnerWorker.java:96)org.testng.TestNG.runSuitesSequentially(TestNG.java:1187)org.testng.TestNG.runSuitesLocally(TestNG.java:1109)org.testng.TestNG.runSuites(TestNG.java:1039)org.testng.TestNG.run(TestNG.java:1007)com.intellij.rt.testng.IDEARemoteTestNG.run(IDEARemoteTestNG.java:66)com.intellij.rt.testng.RemoteTestNGStarter.main(RemoteTestNGStarter.java:105)
                ]]>
            </failure>
    </testcase>

            <testcase
                name="afterClass"
                time="0.0"
                classname="common.Register_New_Account_Cookie">
            </testcase>

</testsuite>
