<?xml version="1.0" encoding="UTF-8"?>
<testsuite name="Run On Chrome"
           tests="8"
           failures="1"
           errors="0"
           skipped="7"
           time="-1716378159.779">
    <properties></properties>

            <testcase
                name="beforeClass"
                time="6.373"
                classname="testcases.user.Level_16_Share_Data_C">

            <failure type="java.lang.NullPointerException" message="Cannot invoke &quot;actions.pageObjects.user.UserCustomerInfoObject.isMyAccountPageDisplayed()&quot; because &quot;this.customerInforPage&quot; is null">
                <![CDATA[java.lang.NullPointerException: Cannot invoke "actions.pageObjects.user.UserCustomerInfoObject.isMyAccountPageDisplayed()" because "this.customerInforPage" is null
                testcases.user.Level_16_Share_Data_C.beforeClass(Level_16_Share_Data_C.java:48)java.base/jdk.internal.reflect.NativeMethodAccessorImpl.invoke0(Native Method)java.base/jdk.internal.reflect.NativeMethodAccessorImpl.invoke(NativeMethodAccessorImpl.java:77)java.base/jdk.internal.reflect.DelegatingMethodAccessorImpl.invoke(DelegatingMethodAccessorImpl.java:43)java.base/java.lang.reflect.Method.invoke(Method.java:568)org.testng.internal.MethodInvocationHelper.invokeMethod(MethodInvocationHelper.java:134)org.testng.internal.MethodInvocationHelper.invokeMethodConsideringTimeout(MethodInvocationHelper.java:63)org.testng.internal.ConfigInvoker.invokeConfigurationMethod(ConfigInvoker.java:348)org.testng.internal.ConfigInvoker.invokeConfigurations(ConfigInvoker.java:302)org.testng.internal.TestMethodWorker.invokeBeforeClassMethods(TestMethodWorker.java:176)org.testng.internal.TestMethodWorker.run(TestMethodWorker.java:122)java.base/java.util.ArrayList.forEach(ArrayList.java:1511)org.testng.TestRunner.privateRun(TestRunner.java:766)org.testng.TestRunner.run(TestRunner.java:587)org.testng.SuiteRunner.runTest(SuiteRunner.java:384)org.testng.SuiteRunner.runSequentially(SuiteRunner.java:378)org.testng.SuiteRunner.privateRun(SuiteRunner.java:337)org.testng.SuiteRunner.run(SuiteRunner.java:286)org.testng.SuiteRunnerWorker.runSuite(SuiteRunnerWorker.java:53)org.testng.SuiteRunnerWorker.run(SuiteRunnerWorker.java:96)org.testng.TestNG.runSuitesSequentially(TestNG.java:1187)org.testng.TestNG.runSuitesLocally(TestNG.java:1109)org.testng.TestNG.runSuites(TestNG.java:1039)org.testng.TestNG.run(TestNG.java:1007)com.intellij.rt.testng.IDEARemoteTestNG.run(IDEARemoteTestNG.java:66)com.intellij.rt.testng.RemoteTestNGStarter.main(RemoteTestNGStarter.java:105)
]]>
            </failure>
    </testcase>

            <testcase
                name="afterClass"
                time="0.0"
                classname="testcases.user.Level_16_Share_Data_C">
            </testcase>
            <testcase
                name="Search_01_Empty_Data"
                time="0.0"
                classname="testcases.user.Level_16_Share_Data_C">
            </testcase>
            <testcase
                name="Search_04_Parent_Category"
                time="0.0"
                classname="testcases.user.Level_16_Share_Data_C">
            </testcase>
            <testcase
                name="Search_02_Relative_Product_Name"
                time="0.0"
                classname="testcases.user.Level_16_Share_Data_C">
            </testcase>
            <testcase
                name="Search_03_Absolute_Product_Name"
                time="0.0"
                classname="testcases.user.Level_16_Share_Data_C">
            </testcase>
            <testcase
                name="Search_05_Incorrect_Manufactorer"
                time="0.0"
                classname="testcases.user.Level_16_Share_Data_C">
            </testcase>
            <testcase
                name="Search_06_Correct_Manufactorer"
                time="0.0"
                classname="testcases.user.Level_16_Share_Data_C">
            </testcase>

</testsuite>
